[duruthemes.com/demo/html/fredia/dark/index.html]
[duruthemes.com/demo/html/fredia/dark/images/favicon.png]
[backblue.gif]
[fade.gif]
[index.html]
[duruthemes.com/demo/html/fredia/dark/css/bootstrap.min.css]
[duruthemes.com/demo/html/fredia/dark/css/animate.css]
[duruthemes.com/demo/html/fredia/dark/css/themify-icons.css]
[duruthemes.com/demo/html/fredia/dark/css/flaticon.css]
[duruthemes.com/demo/html/fredia/dark/modules/owl-carousel/owl.carousel.min.css]
[duruthemes.com/demo/html/fredia/dark/modules/owl-carousel/owl.theme.default.min.css]
[duruthemes.com/demo/html/fredia/dark/modules/magnific-popup/magnific-popup.css]
[duruthemes.com/demo/html/fredia/dark/modules/swiper/swiper.min.css]
[duruthemes.com/demo/html/fredia/dark/css/style.css]
[duruthemes.com/demo/html/fredia/dark/images/logo.png]
[duruthemes.com/demo/html/fredia/dark/about.html]
[duruthemes.com/demo/html/fredia/dark/services.html]
[duruthemes.com/demo/html/fredia/dark/gallery.html]
[duruthemes.com/demo/html/fredia/dark/blog.html]
[duruthemes.com/demo/html/fredia/dark/contact.html]
[duruthemes.com/demo/html/fredia/dark/images/services/s1.png]
[duruthemes.com/demo/html/fredia/dark/services-page.html]
[duruthemes.com/demo/html/fredia/dark/images/services/s3.jpg]
[duruthemes.com/demo/html/fredia/dark/images/services/s4.jpg]
[duruthemes.com/demo/html/fredia/dark/images/services/s2.jpg]
[duruthemes.com/demo/html/fredia/dark/images/services/s5.jpg]
[duruthemes.com/demo/html/fredia/dark/images/services/s6.jpg]
[duruthemes.com/demo/html/fredia/dark/images/quot.png]
[duruthemes.com/demo/html/fredia/dark/images/team/01.png]
[duruthemes.com/demo/html/fredia/dark/images/team/02.png]
[duruthemes.com/demo/html/fredia/dark/images/team/03.png]
[duruthemes.com/demo/html/fredia/dark/images/team/04.png]
[duruthemes.com/demo/html/fredia/dark/images/blog/1.jpg]
[duruthemes.com/demo/html/fredia/dark/post.html]
[duruthemes.com/demo/html/fredia/dark/images/blog/2.jpg]
[duruthemes.com/demo/html/fredia/dark/images/blog/3.jpg]
[duruthemes.com/demo/html/fredia/dark/images/awards/1.png]
[duruthemes.com/demo/html/fredia/dark/images/awards/2.png]
[duruthemes.com/demo/html/fredia/dark/images/awards/3.png]
[duruthemes.com/demo/html/fredia/dark/images/awards/4.png]
[duruthemes.com/demo/html/fredia/dark/images/awards/5.png]
[duruthemes.com/demo/html/fredia/dark/images/awards/6.png]
[duruthemes.com/demo/html/fredia/dark/js/plugins/jquery-3.5.1.min.js]
[duruthemes.com/demo/html/fredia/dark/js/plugins/bootstrap.min.js]
[duruthemes.com/demo/html/fredia/dark/js/plugins/imagesloaded.pkgd.min.js]
[duruthemes.com/demo/html/fredia/dark/js/plugins/jquery.isotope.v3.0.2.js]
[duruthemes.com/demo/html/fredia/dark/js/plugins/modernizr-2.6.2.min.js]
[duruthemes.com/demo/html/fredia/dark/js/plugins/jquery.waypoints.min.js]
[duruthemes.com/demo/html/fredia/dark/modules/owl-carousel/owl.carousel.min.js]
[duruthemes.com/demo/html/fredia/dark/modules/swiper/swiper.min.js]
[duruthemes.com/demo/html/fredia/dark/modules/magnific-popup/jquery.magnific-popup.js]
[duruthemes.com/demo/html/fredia/dark/modules/masonry/masonry.pkgd.min.js]
[duruthemes.com/demo/html/fredia/dark/js/script.js]
[duruthemes.com/demo/html/fredia/dark/index.html]
[duruthemes.com/demo/html/fredia/dark/css/bootstrap.min.css]
[duruthemes.com/demo/html/fredia/dark/css/animate.css]
[duruthemes.com/demo/html/fredia/dark/fonts/themify.eot]
[duruthemes.com/demo/html/fredia/dark/fonts/themifyd41d.eot]
[duruthemes.com/demo/html/fredia/dark/fonts/themify.woff]
[duruthemes.com/demo/html/fredia/dark/fonts/themify.ttf]
[duruthemes.com/demo/html/fredia/dark/css/themify-icons.css]
[duruthemes.com/demo/html/fredia/dark/fonts/Flaticon.eot]
[duruthemes.com/demo/html/fredia/dark/fonts/themify.svg]
[duruthemes.com/demo/html/fredia/dark/fonts/Flaticond41d.eot]
[duruthemes.com/demo/html/fredia/dark/fonts/Flaticon.woff]
[duruthemes.com/demo/html/fredia/dark/fonts/Flaticon.ttf]
[duruthemes.com/demo/html/fredia/dark/css/flaticon.css]
[duruthemes.com/demo/html/fredia/dark/fonts/Flaticon.svg]
[duruthemes.com/demo/html/fredia/dark/modules/owl-carousel/owl.carousel.min.css]
[duruthemes.com/demo/html/fredia/dark/modules/owl-carousel/owl.theme.default.min.css]
[duruthemes.com/demo/html/fredia/dark/modules/magnific-popup/magnific-popup.css]
[duruthemes.com/demo/html/fredia/dark/modules/swiper/swiper.min.css]
[duruthemes.com/demo/html/fredia/dark/css/style.css]
[duruthemes.com/demo/html/fredia/dark/images/about.jpg]
[duruthemes.com/demo/html/fredia/dark/images/t1.jpg]
[duruthemes.com/demo/html/fredia/dark/images/t2.jpg]
[duruthemes.com/demo/html/fredia/dark/images/t3.jpg]
[duruthemes.com/demo/html/fredia/dark/images/t4.jpg]
[duruthemes.com/demo/html/fredia/dark/about.html]
[duruthemes.com/demo/html/fredia/dark/services.html]
[duruthemes.com/demo/html/fredia/dark/images/gallery/1.jpg]
[duruthemes.com/demo/html/fredia/dark/images/gallery/2.jpg]
[duruthemes.com/demo/html/fredia/dark/images/gallery/3.jpg]
[duruthemes.com/demo/html/fredia/dark/images/gallery/4.jpg]
[duruthemes.com/demo/html/fredia/dark/images/gallery/5.jpg]
[duruthemes.com/demo/html/fredia/dark/images/gallery/6.jpg]
[duruthemes.com/demo/html/fredia/dark/images/gallery/7.jpg]
[duruthemes.com/demo/html/fredia/dark/images/gallery/8.jpg]
[duruthemes.com/demo/html/fredia/dark/images/gallery/9.jpg]
[duruthemes.com/demo/html/fredia/dark/images/gallery/10.jpg]
[duruthemes.com/demo/html/fredia/dark/images/gallery/11.jpg]
[duruthemes.com/demo/html/fredia/dark/images/gallery/12.jpg]
[duruthemes.com/demo/html/fredia/dark/gallery.html]
[duruthemes.com/demo/html/fredia/dark/blog.html]
[duruthemes.com/demo/html/fredia/dark/contact.html]
[duruthemes.com/demo/html/fredia/dark/images/services/g1.jpg]
[duruthemes.com/demo/html/fredia/dark/images/services/g2.jpg]
[duruthemes.com/demo/html/fredia/dark/images/services/g3.jpg]
[duruthemes.com/demo/html/fredia/dark/images/services/g4.jpg]
[duruthemes.com/demo/html/fredia/dark/images/services/g5.jpg]
[duruthemes.com/demo/html/fredia/dark/images/services/g6.jpg]
[duruthemes.com/demo/html/fredia/dark/services-page.html]
[duruthemes.com/demo/html/fredia/dark/images/blog/post.jpg]
[duruthemes.com/demo/html/fredia/dark/images/blog/people.jpg]
[duruthemes.com/demo/html/fredia/dark/post.html]
[duruthemes.com/demo/html/fredia/dark/fonts/themify.svg]
[duruthemes.com/demo/html/fredia/dark/fonts/Flaticon.svg]
